<?xml version="1.0" encoding="UTF-8"?>
<testsuite name="com.main024.ngether.NgetherApplicationTests" tests="1" skipped="0" failures="0" errors="0" timestamp="2023-01-13T13:28:22" hostname="DESKTOP-OTUJTDR" time="0.058">
  <properties/>
  <testcase name="contextLoads()" classname="com.main024.ngether.NgetherApplicationTests" time="0.058"/>
  <system-out><![CDATA[]]></system-out>
  <system-err><![CDATA[]]></system-err>
</testsuite>
